<?xml version="1.0" encoding="UTF-8"?>
<robot generator="Robot 4.0.3 (Python 3.8.5 on darwin)" generated="20220621 20:57:55.823" rpa="false" schemaversion="2">
<suite id="s1" name="Homepage" source="/Users/user/personal/dojobox-21062022/suites/Homepage.robot">
<test id="s1-t1" name="User Should Be Able To See Homepage">
<kw name="Open Browser Chrome" library="Homepage" type="SETUP">
<kw name="Open Browser" library="SeleniumLibrary">
<arg>browser=chrome</arg>
<arg>url=${HOMEPAGE_URL}</arg>
<doc>Opens a new browser instance to the optional ``url``.</doc>
<msg timestamp="20220621 20:57:56.314" level="INFO">Opening browser 'chrome' to base url 'https://katalon-demo-cura.herokuapp.com/'.</msg>
<status status="PASS" starttime="20220621 20:57:56.313" endtime="20220621 20:58:03.295"/>
</kw>
<status status="PASS" starttime="20220621 20:57:56.312" endtime="20220621 20:58:03.296"/>
</kw>
<kw name="Verify Current Url Is Homepage Url" library="Homepage">
<doc>Verify current url is homepage url</doc>
<kw name="Location Should Be" library="SeleniumLibrary">
<arg>${HOMEPAGE_URL}</arg>
<doc>Verifies that the current URL is exactly ``url``.</doc>
<msg timestamp="20220621 20:58:03.311" level="INFO">Current location is 'https://katalon-demo-cura.herokuapp.com/'.</msg>
<status status="PASS" starttime="20220621 20:58:03.297" endtime="20220621 20:58:03.311"/>
</kw>
<status status="PASS" starttime="20220621 20:58:03.296" endtime="20220621 20:58:03.312"/>
</kw>
<kw name="Verify Homepage Title Appears" library="Homepage">
<doc>Verify homepage title appears</doc>
<kw name="Element Should Be Visible" library="SeleniumLibrary">
<arg>${title_homepage}</arg>
<doc>Verifies that the element identified by ``locator`` is visible.</doc>
<msg timestamp="20220621 20:58:03.397" level="INFO">Element '//*[@class="text-vertical-center"]' is displayed.</msg>
<status status="PASS" starttime="20220621 20:58:03.313" endtime="20220621 20:58:03.397"/>
</kw>
<status status="PASS" starttime="20220621 20:58:03.312" endtime="20220621 20:58:03.397"/>
</kw>
<kw name="Verify Homepage Subtitle Appears" library="Homepage">
<kw name="Element Should Be Visible" library="SeleniumLibrary">
<arg>//*[@class="text-vertical-center"]</arg>
<doc>Verifies that the element identified by ``locator`` is visible.</doc>
<msg timestamp="20220621 20:58:03.435" level="INFO">Element '//*[@class="text-vertical-center"]' is displayed.</msg>
<status status="PASS" starttime="20220621 20:58:03.398" endtime="20220621 20:58:03.435"/>
</kw>
<status status="PASS" starttime="20220621 20:58:03.397" endtime="20220621 20:58:03.435"/>
</kw>
<kw name="Verify Make Appointment Button Appears" library="Homepage">
<kw name="Element Should Be Visible" library="SeleniumLibrary">
<arg>//*[@id="btn-make-appointment"]</arg>
<doc>Verifies that the element identified by ``locator`` is visible.</doc>
<msg timestamp="20220621 20:58:03.467" level="INFO">Element '//*[@id="btn-make-appointment"]' is displayed.</msg>
<status status="PASS" starttime="20220621 20:58:03.436" endtime="20220621 20:58:03.467"/>
</kw>
<status status="PASS" starttime="20220621 20:58:03.436" endtime="20220621 20:58:03.468"/>
</kw>
<kw name="Verify Menu Button Appears" library="Homepage">
<kw name="Element Should Be Visible" library="SeleniumLibrary">
<arg>//*[contains(@class, "toggle")]</arg>
<doc>Verifies that the element identified by ``locator`` is visible.</doc>
<msg timestamp="20220621 20:58:03.494" level="INFO">Element '//*[contains(@class, "toggle")]' is displayed.</msg>
<status status="PASS" starttime="20220621 20:58:03.469" endtime="20220621 20:58:03.495"/>
</kw>
<status status="PASS" starttime="20220621 20:58:03.468" endtime="20220621 20:58:03.495"/>
</kw>
<kw name="Verify Homepage Footer Appears" library="Homepage">
<kw name="Element Should Be Visible" library="SeleniumLibrary">
<arg>//*[@class="col-lg-10 col-lg-offset-1 text-center"]</arg>
<doc>Verifies that the element identified by ``locator`` is visible.</doc>
<msg timestamp="20220621 20:58:03.528" level="INFO">Element '//*[@class="col-lg-10 col-lg-offset-1 text-center"]' is displayed.</msg>
<status status="PASS" starttime="20220621 20:58:03.496" endtime="20220621 20:58:03.528"/>
</kw>
<status status="PASS" starttime="20220621 20:58:03.495" endtime="20220621 20:58:03.528"/>
</kw>
<kw name="Close Browser" library="SeleniumLibrary" type="TEARDOWN">
<doc>Closes the current browser.</doc>
<status status="PASS" starttime="20220621 20:58:03.529" endtime="20220621 20:58:03.655"/>
</kw>
<doc>Test to verify that user should be able to see homepage</doc>
<status status="PASS" starttime="20220621 20:57:56.310" endtime="20220621 20:58:03.656"/>
</test>
<doc>Homepage test cases</doc>
<status status="PASS" starttime="20220621 20:57:55.825" endtime="20220621 20:58:03.658"/>
</suite>
<statistics>
<total>
<stat pass="1" fail="0" skip="0">All Tests</stat>
</total>
<tag>
</tag>
<suite>
<stat pass="1" fail="0" skip="0" id="s1" name="Homepage">Homepage</stat>
</suite>
</statistics>
<errors>
</errors>
</robot>
