<?xml version="1.0" encoding="UTF-8"?>
<robot generator="Robot 5.0.1 (Python 3.10.5 on win32)" generated="20220622 21:32:54.825" rpa="false" schemaversion="3">
<suite id="s1" name="Homepage" source="F:\Dojobox\Demo\DemoPOM\suites\Homepage.robot">
<test id="s1-t1" name="User Should Be Able To See Homepage." line="7">
<kw name="Open Browser Chrome" library="Homepage" type="SETUP">
<kw name="Open Browser" library="SeleniumLibrary">
<arg>browser=chrome</arg>
<arg>url=${HOMEPAGE_URL}</arg>
<doc>Opens a new browser instance to the optional ``url``.</doc>
<msg timestamp="20220622 21:32:55.324" level="INFO">Opening browser 'chrome' to base url 'https://katalon-demo-cura.herokuapp.com/'.</msg>
<status status="PASS" starttime="20220622 21:32:55.322" endtime="20220622 21:33:01.493"/>
</kw>
<status status="PASS" starttime="20220622 21:32:55.321" endtime="20220622 21:33:01.494"/>
</kw>
<kw name="Verify Current Url Is Homepage Url" library="Homepage">
<doc>Verify current url is homepage url</doc>
<kw name="Location Should Be" library="SeleniumLibrary">
<arg>${HOMEPAGE_URL}</arg>
<doc>Verifies that the current URL is exactly ``url``.</doc>
<msg timestamp="20220622 21:33:01.522" level="INFO">Current location is 'https://katalon-demo-cura.herokuapp.com/'.</msg>
<status status="PASS" starttime="20220622 21:33:01.503" endtime="20220622 21:33:01.522"/>
</kw>
<status status="PASS" starttime="20220622 21:33:01.503" endtime="20220622 21:33:01.523"/>
</kw>
<kw name="Verify Homepage Title Appears" library="Homepage">
<doc>Verify homepage title appears</doc>
<kw name="Element Should Be Visible" library="SeleniumLibrary">
<arg>${title_homepage}</arg>
<doc>Verifies that the element identified by ``locator`` is visible.</doc>
<msg timestamp="20220622 21:33:01.606" level="INFO">Element '//*[@class="text-vertical-center"]' is displayed.</msg>
<status status="PASS" starttime="20220622 21:33:01.526" endtime="20220622 21:33:01.606"/>
</kw>
<status status="PASS" starttime="20220622 21:33:01.525" endtime="20220622 21:33:01.606"/>
</kw>
<kw name="Verify Homepage Subtitle Appears" library="Homepage">
<kw name="Element Should Be Visible" library="SeleniumLibrary">
<arg>//*[@class="text-vertical-center"]</arg>
<doc>Verifies that the element identified by ``locator`` is visible.</doc>
<msg timestamp="20220622 21:33:01.640" level="INFO">Element '//*[@class="text-vertical-center"]' is displayed.</msg>
<status status="PASS" starttime="20220622 21:33:01.607" endtime="20220622 21:33:01.641"/>
</kw>
<status status="PASS" starttime="20220622 21:33:01.606" endtime="20220622 21:33:01.641"/>
</kw>
<kw name="Verify Make Appointment Button Appears" library="Homepage">
<kw name="Element Should Be Visible" library="SeleniumLibrary">
<arg>//*[@id="btn-make-appointment"]</arg>
<doc>Verifies that the element identified by ``locator`` is visible.</doc>
<msg timestamp="20220622 21:33:01.674" level="INFO">Element '//*[@id="btn-make-appointment"]' is displayed.</msg>
<status status="PASS" starttime="20220622 21:33:01.642" endtime="20220622 21:33:01.674"/>
</kw>
<status status="PASS" starttime="20220622 21:33:01.641" endtime="20220622 21:33:01.674"/>
</kw>
<kw name="Verify Menu Button Appears" library="Homepage">
<kw name="Element Should Be Visible" library="SeleniumLibrary">
<arg>//*[contains(@class, "toggle")]</arg>
<doc>Verifies that the element identified by ``locator`` is visible.</doc>
<msg timestamp="20220622 21:33:01.704" level="INFO">Element '//*[contains(@class, "toggle")]' is displayed.</msg>
<status status="PASS" starttime="20220622 21:33:01.675" endtime="20220622 21:33:01.704"/>
</kw>
<status status="PASS" starttime="20220622 21:33:01.675" endtime="20220622 21:33:01.704"/>
</kw>
<kw name="Verify Homepage Footer Appears" library="Homepage">
<kw name="Element Should Be Visible" library="SeleniumLibrary">
<arg>//*[@class="col-lg-10 col-lg-offset-1 text-center"]</arg>
<doc>Verifies that the element identified by ``locator`` is visible.</doc>
<msg timestamp="20220622 21:33:01.734" level="INFO">Element '//*[@class="col-lg-10 col-lg-offset-1 text-center"]' is displayed.</msg>
<status status="PASS" starttime="20220622 21:33:01.705" endtime="20220622 21:33:01.734"/>
</kw>
<status status="PASS" starttime="20220622 21:33:01.705" endtime="20220622 21:33:01.735"/>
</kw>
<kw name="Close Browser" library="SeleniumLibrary" type="TEARDOWN">
<doc>Closes the current browser.</doc>
<status status="PASS" starttime="20220622 21:33:01.736" endtime="20220622 21:33:04.158"/>
</kw>
<doc>Test to verify that user should be able to see homepage</doc>
<status status="PASS" starttime="20220622 21:32:55.318" endtime="20220622 21:33:04.159"/>
</test>
<doc>Homepage test cases</doc>
<status status="PASS" starttime="20220622 21:32:54.828" endtime="20220622 21:33:04.161"/>
</suite>
<statistics>
<total>
<stat pass="1" fail="0" skip="0">All Tests</stat>
</total>
<tag>
</tag>
<suite>
<stat pass="1" fail="0" skip="0" id="s1" name="Homepage">Homepage</stat>
</suite>
</statistics>
<errors>
</errors>
</robot>
